<?xml version="1.0" encoding="UTF-8"?>
<testsuite xmlns:xsi="http://www.w3.org/2001/XMLSchema-instance" xsi:noNamespaceSchemaLocation="https://maven.apache.org/surefire/maven-surefire-plugin/xsd/surefire-test-report.xsd" name="slack.impl.SlackClientImplTest" time="0.737" tests="2" errors="0" skipped="0" failures="0">
  <properties>
[...]
</properties>
  <testcase name="postToSlackByChannelNameTest" classname="slack.impl.SlackClientImplTest" time="0.007"/>
  <testcase name="getChannelsTest" classname="slack.impl.SlackClientImplTest" time="0.008"/>
</testsuite>